<?xml version="1.0" encoding="UTF-8"?>
<!-- Generated by org.testng.reporters.JUnitReportReporter -->
<testsuite hostname="DESKTOP-3EH4CFI" failures="0" tests="1" name="com.parabank.qa.testcases.ParaBankLoginTest" time="14.205" errors="0" timestamp="2023-10-26T12:49:38 IST" skipped="0">
  <testcase classname="com.parabank.qa.testcases.ParaBankLoginTest" name="LoginWithValidCredential" time="14.205"/>
</testsuite> <!-- com.parabank.qa.testcases.ParaBankLoginTest -->
