<?xml version="1.0" encoding="UTF-8"?>
<!-- Generated by org.testng.reporters.JUnitReportReporter -->
<testsuite hostname="DESKTOP-3EH4CFI" failures="0" tests="1" name="com.parabank.qa.testcases.ParabankRegisterTest" time="16.484" errors="0" timestamp="2023-10-26T12:15:11 IST" skipped="0">
  <testcase classname="com.parabank.qa.testcases.ParabankRegisterTest" name="registeration_With_Allready_Existing_Username" time="16.484"/>
</testsuite> <!-- com.parabank.qa.testcases.ParabankRegisterTest -->
