<?xml version="1.0" encoding="UTF-8"?>
<!-- Generated by org.testng.reporters.JUnitReportReporter -->
<testsuite hostname="DESKTOP-3EH4CFI" failures="0" tests="1" name="com.parabank.qa.base.Base" time="41.782" errors="0" timestamp="2023-10-25T20:13:58 IST" skipped="0">
  <testcase classname="com.parabank.qa.base.Base" name="l" time="41.782"/>
</testsuite> <!-- com.parabank.qa.base.Base -->
